<?xml version="1.0" encoding="UTF-8"?>
<testsuite xmlns:xsi="http://www.w3.org/2001/XMLSchema-instance" xsi:noNamespaceSchemaLocation="https://maven.apache.org/surefire/maven-surefire-plugin/xsd/surefire-test-report-3.0.xsd" version="3.0" name="TestSuite" time="6.343" tests="5" errors="0" skipped="0" failures="0">
  <properties>
[...]
</properties>
  <testcase name="CreateUserV1Test" classname="regresIN.CreateUser" time="3.727">
    <system-out><![CDATA[{"name":"morpheus","job":"leader","id":"532","createdAt":"2022-11-16T13:40:07.787Z"}
morpheus
201
HTTP/1.1 201 Created
]]></system-out>
  </testcase>
  <testcase name="CreateUserV2Test" classname="regresIN.CreateUser" time="0.579">
    <system-out><![CDATA[HTTP/1.1 201 Created
Date: Wed, 16 Nov 2022 13:40:08 GMT
Content-Type: application/json; charset=utf-8
Content-Length: 84
Connection: keep-alive
X-Powered-By: Express
Access-Control-Allow-Origin: *
Etag: W/"54-B8XU5lQwHTmy4Dv67ftpBT5tc2s"
Via: 1.1 vegur
CF-Cache-Status: DYNAMIC
Report-To: {"endpoints":[{"url":"https:\/\/a.nel.cloudflare.com\/report\/v3?s=2FgdyAPWc6eCTIS1%2B8iSlqptYSK4FahoBgHmwkwXZYCsMp1oCM%2B3ayAwWuEF1FxKMlqholEUAYesNWmrxVx3VOt2goxVWrkD%2F5EPz%2F8G7tWvythWUmd7WoLDNw%3D%3D"}],"group":"cf-nel","max_age":604800}
NEL: {"success_fraction":0,"report_to":"cf-nel","max_age":604800}
Server: cloudflare
CF-RAY: 76b0a303293c9d3f-DME

{
    "name": "morpheus",
    "job": "leader",
    "id": "790",
    "createdAt": "2022-11-16T13:40:08.981Z"
}
]]></system-out>
  </testcase>
  <testcase name="deleteUserTest" classname="regresIN.DeleteUser" time="0.375">
    <system-out><![CDATA[HTTP/1.1 204 No Content
Date: Wed, 16 Nov 2022 13:40:09 GMT
Content-Length: 0
Connection: keep-alive
X-Powered-By: Express
Access-Control-Allow-Origin: *
Etag: W/"2-vyGp6PvFo4RvsFtPoIWeCReyIC8"
Via: 1.1 vegur
CF-Cache-Status: DYNAMIC
Report-To: {"endpoints":[{"url":"https:\/\/a.nel.cloudflare.com\/report\/v3?s=P%2F%2BIdAilVfD5VqT6zp0hxUiEqAh4okxmFfNqOZBWuXegFx%2FBWkmF5LmrBTSuIkZNqZv82l4DWv7HGlJ0YpI0AZuQwCky%2FCmZ0h7Rpdaz6kI2h%2BFb8CgH%2ByVuzA%3D%3D"}],"group":"cf-nel","max_age":604800}
NEL: {"success_fraction":0,"report_to":"cf-nel","max_age":604800}
Server: cloudflare
CF-RAY: 76b0a306893c75a7-DME
]]></system-out>
  </testcase>
  <testcase name="updateUserTest" classname="regresIN.UpdateUser" time="0.406">
    <system-out><![CDATA[HTTP/1.1 200 OK
Date: Wed, 16 Nov 2022 13:40:09 GMT
Content-Type: application/json; charset=utf-8
Transfer-Encoding: chunked
Connection: keep-alive
X-Powered-By: Express
Access-Control-Allow-Origin: *
Etag: W/"50-mz6wF2h1xeEPPRNTTPtYVxpYLyA"
Via: 1.1 vegur
CF-Cache-Status: DYNAMIC
Report-To: {"endpoints":[{"url":"https:\/\/a.nel.cloudflare.com\/report\/v3?s=9t%2BjOt%2FETWj37XR6AHVkMA4JClQfm%2Bv2%2FrKxtZsyYABhBwjw4wJhRGw%2Fq5cy3lh%2FCJjAFtT92lji35cPaNYyVRo3syKmcTowMTBAKSKw3FVunI%2Ffr0Ulyn7c2g%3D%3D"}],"group":"cf-nel","max_age":604800}
NEL: {"success_fraction":0,"report_to":"cf-nel","max_age":604800}
Vary: Accept-Encoding
Server: cloudflare
CF-RAY: 76b0a308e9b27b67-DME
Content-Encoding: gzip

{
    "name": "morpheus",
    "job": "zion resident",
    "updatedAt": "2022-11-16T13:40:09.888Z"
}
]]></system-out>
  </testcase>
  <testcase name="getUsersV2Test" classname="regresIN.getUsers" time="0.521">
    <system-out><![CDATA[HTTP/1.1 200 OK
Date: Wed, 16 Nov 2022 13:40:10 GMT
Content-Type: application/json; charset=utf-8
Transfer-Encoding: chunked
Connection: keep-alive
X-Powered-By: Express
Access-Control-Allow-Origin: *
Etag: W/"406-ut0vzoCuidvyMf8arZpMpJ6ZRDw"
Via: 1.1 vegur
Cache-Control: max-age=14400
CF-Cache-Status: HIT
Age: 1747
Report-To: {"endpoints":[{"url":"https:\/\/a.nel.cloudflare.com\/report\/v3?s=BAPH%2Fw%2FFZKHTL%2B57H9dp%2BLuTxsrMHKsZcLRmnRRcG9LTOKiB5b%2BPepMlLI2yP2XQhgszzYSTN2tvk0iRkFd79L8HaZ4yjExx%2BOhFoINfM2N%2B0HXbv7WvwfURfw%3D%3D"}],"group":"cf-nel","max_age":604800}
NEL: {"success_fraction":0,"report_to":"cf-nel","max_age":604800}
Vary: Accept-Encoding
Server: cloudflare
CF-RAY: 76b0a30c7d737c17-DME
Content-Encoding: gzip

{
    "page": 2,
    "per_page": 6,
    "total": 12,
    "total_pages": 2,
    "data": [
        {
            "id": 7,
            "email": "michael.lawson@reqres.in",
            "first_name": "Michael",
            "last_name": "Lawson",
            "avatar": "https://reqres.in/img/faces/7-image.jpg"
        },
        {
            "id": 8,
            "email": "lindsay.ferguson@reqres.in",
            "first_name": "Lindsay",
            "last_name": "Ferguson",
            "avatar": "https://reqres.in/img/faces/8-image.jpg"
        },
        {
            "id": 9,
            "email": "tobias.funke@reqres.in",
            "first_name": "Tobias",
            "last_name": "Funke",
            "avatar": "https://reqres.in/img/faces/9-image.jpg"
        },
        {
            "id": 10,
            "email": "byron.fields@reqres.in",
            "first_name": "Byron",
            "last_name": "Fields",
            "avatar": "https://reqres.in/img/faces/10-image.jpg"
        },
        {
            "id": 11,
            "email": "george.edwards@reqres.in",
            "first_name": "George",
            "last_name": "Edwards",
            "avatar": "https://reqres.in/img/faces/11-image.jpg"
        },
        {
            "id": 12,
            "email": "rachel.howell@reqres.in",
            "first_name": "Rachel",
            "last_name": "Howell",
            "avatar": "https://reqres.in/img/faces/12-image.jpg"
        }
    ],
    "support": {
        "url": "https://reqres.in/#support-heading",
        "text": "To keep ReqRes free, contributions towards server costs are appreciated!"
    }
}
]]></system-out>
  </testcase>
</testsuite>