<?xml version="1.0" encoding="UTF-8"?>
<testsuite xmlns:xsi="http://www.w3.org/2001/XMLSchema-instance" xsi:noNamespaceSchemaLocation="https://maven.apache.org/surefire/maven-surefire-plugin/xsd/surefire-test-report-3.0.xsd" version="3.0" name="TestSuite" time="6.565" tests="5" errors="0" skipped="0" failures="0">
  <properties>
[...]
</properties>
  <testcase name="CreateUserV1Test" classname="regresIN.CreateUser" time="3.823">
    <system-out><![CDATA[{"name":"morpheus","job":"leader","id":"728","createdAt":"2022-11-24T15:10:36.985Z"}
morpheus
201
HTTP/1.1 201 Created
]]></system-out>
  </testcase>
  <testcase name="CreateUserV2Test" classname="regresIN.CreateUser" time="0.471">
    <system-out><![CDATA[HTTP/1.1 201 Created
Date: Thu, 24 Nov 2022 15:10:37 GMT
Content-Type: application/json; charset=utf-8
Content-Length: 84
Connection: keep-alive
X-Powered-By: Express
Access-Control-Allow-Origin: *
Etag: W/"54-c2tb0vOhi/9DCApG3BkBgrd55tI"
Via: 1.1 vegur
CF-Cache-Status: DYNAMIC
Report-To: {"endpoints":[{"url":"https:\/\/a.nel.cloudflare.com\/report\/v3?s=5zXcdBLGYDyp%2FspzT7IoupGEsjC6TNi0YwFTJ1qVivehBi4vBIKKwto6iTb3%2FvzjVwU41iGWi8ASUzM3R4vy3jqCh0Ro3Rbs3Gbqtv4SD7wwAOMZl19u4dRSVg%3D%3D"}],"group":"cf-nel","max_age":604800}
NEL: {"success_fraction":0,"report_to":"cf-nel","max_age":604800}
Server: cloudflare
CF-RAY: 76f3128e195cac10-KLD

{
    "name": "morpheus",
    "job": "leader",
    "id": "410",
    "createdAt": "2022-11-24T15:10:37.871Z"
}
]]></system-out>
  </testcase>
  <testcase name="deleteUserTest" classname="regresIN.DeleteUser" time="1.138">
    <system-out><![CDATA[HTTP/1.1 204 No Content
Date: Thu, 24 Nov 2022 15:10:39 GMT
Content-Length: 0
Connection: keep-alive
X-Powered-By: Express
Access-Control-Allow-Origin: *
Etag: W/"2-vyGp6PvFo4RvsFtPoIWeCReyIC8"
Via: 1.1 vegur
CF-Cache-Status: DYNAMIC
Report-To: {"endpoints":[{"url":"https:\/\/a.nel.cloudflare.com\/report\/v3?s=woj7%2BBAJ%2FgCSWRVW0Vj5d5xo7w3N2iGaphw2YqQ85DsNMnzLUsBKNFV5F6Q9Q1uIuw0%2Fk%2Ba2bgMDwHOqb70jPNns1uwZDJtgJmzVC%2B%2F3utp0704LURzZuwkKZw%3D%3D"}],"group":"cf-nel","max_age":604800}
NEL: {"success_fraction":0,"report_to":"cf-nel","max_age":604800}
Server: cloudflare
CF-RAY: 76f31291be2dabf3-KLD
]]></system-out>
  </testcase>
  <testcase name="updateUserTest" classname="regresIN.UpdateUser" time="0.442">
    <system-out><![CDATA[HTTP/1.1 200 OK
Date: Thu, 24 Nov 2022 15:10:39 GMT
Content-Type: application/json; charset=utf-8
Transfer-Encoding: chunked
Connection: keep-alive
X-Powered-By: Express
Access-Control-Allow-Origin: *
Etag: W/"50-N8f/gP+4kQUGebH+QW4acPYaB54"
Via: 1.1 vegur
CF-Cache-Status: DYNAMIC
Report-To: {"endpoints":[{"url":"https:\/\/a.nel.cloudflare.com\/report\/v3?s=n2nOERTrkB8stivp4ow64JIOHWEZae6%2FrAtZuCZIzPrSWlhpSxXYQYHtrAIGx6Ns602p5tCbhCXhNuah3ePKKYqBsEwlAdCf%2FyzCT9Jl9EaxPmkwB0jkksc1Bw%3D%3D"}],"group":"cf-nel","max_age":604800}
NEL: {"success_fraction":0,"report_to":"cf-nel","max_age":604800}
Vary: Accept-Encoding
Server: cloudflare
CF-RAY: 76f312983964ac02-KLD
Content-Encoding: gzip

{
    "name": "morpheus",
    "job": "zion resident",
    "updatedAt": "2022-11-24T15:10:39.514Z"
}
]]></system-out>
  </testcase>
  <testcase name="getUsersV2Test" classname="regresIN.getUsers" time="0.285">
    <system-out><![CDATA[HTTP/1.1 200 OK
Date: Thu, 24 Nov 2022 15:10:39 GMT
Content-Type: application/json; charset=utf-8
Transfer-Encoding: chunked
Connection: keep-alive
X-Powered-By: Express
Access-Control-Allow-Origin: *
Etag: W/"406-ut0vzoCuidvyMf8arZpMpJ6ZRDw"
Via: 1.1 vegur
Cache-Control: max-age=14400
CF-Cache-Status: HIT
Age: 3585
Report-To: {"endpoints":[{"url":"https:\/\/a.nel.cloudflare.com\/report\/v3?s=dZ25mmME9IPSSFqI8PPeR77RvlMxw%2FsP3bkGkMrARyOjZaXynq0u7XeSpCsTGY%2BK3PHnQsniIbD1D0VAqNGEN6pZgg3Sud0dp2%2FH1kwdpqijhjdQe9DrlGymPA%3D%3D"}],"group":"cf-nel","max_age":604800}
NEL: {"success_fraction":0,"report_to":"cf-nel","max_age":604800}
Vary: Accept-Encoding
Server: cloudflare
CF-RAY: 76f3129afdd4abf6-KLD
Content-Encoding: gzip

{
    "page": 2,
    "per_page": 6,
    "total": 12,
    "total_pages": 2,
    "data": [
        {
            "id": 7,
            "email": "michael.lawson@reqres.in",
            "first_name": "Michael",
            "last_name": "Lawson",
            "avatar": "https://reqres.in/img/faces/7-image.jpg"
        },
        {
            "id": 8,
            "email": "lindsay.ferguson@reqres.in",
            "first_name": "Lindsay",
            "last_name": "Ferguson",
            "avatar": "https://reqres.in/img/faces/8-image.jpg"
        },
        {
            "id": 9,
            "email": "tobias.funke@reqres.in",
            "first_name": "Tobias",
            "last_name": "Funke",
            "avatar": "https://reqres.in/img/faces/9-image.jpg"
        },
        {
            "id": 10,
            "email": "byron.fields@reqres.in",
            "first_name": "Byron",
            "last_name": "Fields",
            "avatar": "https://reqres.in/img/faces/10-image.jpg"
        },
        {
            "id": 11,
            "email": "george.edwards@reqres.in",
            "first_name": "George",
            "last_name": "Edwards",
            "avatar": "https://reqres.in/img/faces/11-image.jpg"
        },
        {
            "id": 12,
            "email": "rachel.howell@reqres.in",
            "first_name": "Rachel",
            "last_name": "Howell",
            "avatar": "https://reqres.in/img/faces/12-image.jpg"
        }
    ],
    "support": {
        "url": "https://reqres.in/#support-heading",
        "text": "To keep ReqRes free, contributions towards server costs are appreciated!"
    }
}
]]></system-out>
  </testcase>
</testsuite>