<?xml version="1.0" encoding="UTF-8"?>
<testng-results ignored="3" total="8" passed="5" failed="0" skipped="0">
  <reporter-output>
  </reporter-output>
  <suite started-at="2022-11-24T17:10:35 CAST" name="All Test Suite" finished-at="2022-11-24T17:10:41 CAST" duration-ms="6192">
    <groups>
    </groups>
    <test started-at="2022-11-24T17:10:35 CAST" name="C:/Users/Dima/Desktop/RestAssuredProject" finished-at="2022-11-24T17:10:41 CAST" duration-ms="6192">
      <class name="regresIN.UpdateUser">
        <test-method signature="updateUserTest()[pri:0, instance:regresIN.UpdateUser@159f197]" started-at="2022-11-24T17:10:40 CAST" name="updateUserTest" finished-at="2022-11-24T17:10:41 CAST" duration-ms="442" status="PASS">
          <reporter-output>
          </reporter-output>
        </test-method> <!-- updateUserTest -->
      </class> <!-- regresIN.UpdateUser -->
      <class name="regresIN.DeleteUser">
        <test-method signature="deleteUserTest()[pri:0, instance:regresIN.DeleteUser@647fd8ce]" started-at="2022-11-24T17:10:39 CAST" name="deleteUserTest" finished-at="2022-11-24T17:10:40 CAST" duration-ms="1136" status="PASS">
          <reporter-output>
          </reporter-output>
        </test-method> <!-- deleteUserTest -->
      </class> <!-- regresIN.DeleteUser -->
      <class name="regresIN.CreateUser">
        <test-method signature="CreateUserV1Test()[pri:0, instance:regresIN.CreateUser@45b9a632]" started-at="2022-11-24T17:10:35 CAST" name="CreateUserV1Test" finished-at="2022-11-24T17:10:39 CAST" duration-ms="3823" status="PASS">
          <reporter-output>
          </reporter-output>
        </test-method> <!-- CreateUserV1Test -->
        <test-method signature="CreateUserV2Test()[pri:0, instance:regresIN.CreateUser@45b9a632]" started-at="2022-11-24T17:10:39 CAST" name="CreateUserV2Test" finished-at="2022-11-24T17:10:39 CAST" duration-ms="472" status="PASS">
          <reporter-output>
          </reporter-output>
        </test-method> <!-- CreateUserV2Test -->
      </class> <!-- regresIN.CreateUser -->
      <class name="regresIN.getUsers">
        <test-method signature="getUsersV2Test()[pri:0, instance:regresIN.getUsers@1ffe63b9]" started-at="2022-11-24T17:10:41 CAST" name="getUsersV2Test" finished-at="2022-11-24T17:10:41 CAST" duration-ms="284" status="PASS">
          <reporter-output>
          </reporter-output>
        </test-method> <!-- getUsersV2Test -->
      </class> <!-- regresIN.getUsers -->
    </test> <!-- C:/Users/Dima/Desktop/RestAssuredProject -->
  </suite> <!-- All Test Suite -->
</testng-results>
